Added Component: Designator=J1(60312202111527)
Add component (AddParameter): Name = "Connector Type"; Value = "SMA"; VariantName = "[No Variations]"
Add component (AddParameter): Name = "Impedance"; Value = "50O"; VariantName = "[No Variations]"
Add component (AddParameter): Name = "Insertion Loss (dB)"; Value = "0.14dB"; VariantName = "[No Variations]"
Add component (AddParameter): Name = "Insulation Material"; Value = "PTFE"; VariantName = "[No Variations]"
Add component (AddParameter): Name = "Insulation Resistance"; Value = "5GO"; VariantName = "[No Variations]"
Add component (AddParameter): Name = "Max Operating Temperature"; Value = "165°C"; VariantName = "[No Variations]"
Add component (AddParameter): Name = "Min Operating Temperature"; Value = "-65°C"; VariantName = "[No Variations]"
Add component (AddParameter): Name = "NexarPartId"; Value = "134708250"; VariantName = "[No Variations]"
Add component (AddParameter): Name = "RoHS"; Value = "Compliant"; VariantName = "[No Variations]"
Added Component: Designator=J2(60312202111527)
Add component (AddParameter): Name = "Connector Type"; Value = "SMA"; VariantName = "[No Variations]"
Add component (AddParameter): Name = "Impedance"; Value = "50O"; VariantName = "[No Variations]"
Add component (AddParameter): Name = "Insertion Loss (dB)"; Value = "0.14dB"; VariantName = "[No Variations]"
Add component (AddParameter): Name = "Insulation Material"; Value = "PTFE"; VariantName = "[No Variations]"
Add component (AddParameter): Name = "Insulation Resistance"; Value = "5GO"; VariantName = "[No Variations]"
Add component (AddParameter): Name = "Max Operating Temperature"; Value = "165°C"; VariantName = "[No Variations]"
Add component (AddParameter): Name = "Min Operating Temperature"; Value = "-65°C"; VariantName = "[No Variations]"
Add component (AddParameter): Name = "NexarPartId"; Value = "134708250"; VariantName = "[No Variations]"
Add component (AddParameter): Name = "RoHS"; Value = "Compliant"; VariantName = "[No Variations]"
Added Component: Designator=J3(60312202111527)
Add component (AddParameter): Name = "Connector Type"; Value = "SMA"; VariantName = "[No Variations]"
Add component (AddParameter): Name = "Impedance"; Value = "50O"; VariantName = "[No Variations]"
Add component (AddParameter): Name = "Insertion Loss (dB)"; Value = "0.14dB"; VariantName = "[No Variations]"
Add component (AddParameter): Name = "Insulation Material"; Value = "PTFE"; VariantName = "[No Variations]"
Add component (AddParameter): Name = "Insulation Resistance"; Value = "5GO"; VariantName = "[No Variations]"
Add component (AddParameter): Name = "Max Operating Temperature"; Value = "165°C"; VariantName = "[No Variations]"
Add component (AddParameter): Name = "Min Operating Temperature"; Value = "-65°C"; VariantName = "[No Variations]"
Add component (AddParameter): Name = "NexarPartId"; Value = "134708250"; VariantName = "[No Variations]"
Add component (AddParameter): Name = "RoHS"; Value = "Compliant"; VariantName = "[No Variations]"
Added Component: Designator=J4(60312202111527)
Add component (AddParameter): Name = "Connector Type"; Value = "SMA"; VariantName = "[No Variations]"
Add component (AddParameter): Name = "Impedance"; Value = "50O"; VariantName = "[No Variations]"
Add component (AddParameter): Name = "Insertion Loss (dB)"; Value = "0.14dB"; VariantName = "[No Variations]"
Add component (AddParameter): Name = "Insulation Material"; Value = "PTFE"; VariantName = "[No Variations]"
Add component (AddParameter): Name = "Insulation Resistance"; Value = "5GO"; VariantName = "[No Variations]"
Add component (AddParameter): Name = "Max Operating Temperature"; Value = "165°C"; VariantName = "[No Variations]"
Add component (AddParameter): Name = "Min Operating Temperature"; Value = "-65°C"; VariantName = "[No Variations]"
Add component (AddParameter): Name = "NexarPartId"; Value = "134708250"; VariantName = "[No Variations]"
Add component (AddParameter): Name = "RoHS"; Value = "Compliant"; VariantName = "[No Variations]"
Added Component: Designator=J5(60312202111527)
Add component (AddParameter): Name = "Connector Type"; Value = "SMA"; VariantName = "[No Variations]"
Add component (AddParameter): Name = "Impedance"; Value = "50O"; VariantName = "[No Variations]"
Add component (AddParameter): Name = "Insertion Loss (dB)"; Value = "0.14dB"; VariantName = "[No Variations]"
Add component (AddParameter): Name = "Insulation Material"; Value = "PTFE"; VariantName = "[No Variations]"
Add component (AddParameter): Name = "Insulation Resistance"; Value = "5GO"; VariantName = "[No Variations]"
Add component (AddParameter): Name = "Max Operating Temperature"; Value = "165°C"; VariantName = "[No Variations]"
Add component (AddParameter): Name = "Min Operating Temperature"; Value = "-65°C"; VariantName = "[No Variations]"
Add component (AddParameter): Name = "NexarPartId"; Value = "134708250"; VariantName = "[No Variations]"
Add component (AddParameter): Name = "RoHS"; Value = "Compliant"; VariantName = "[No Variations]"
Added Component: Designator=J6(60312202111527)
Add component (AddParameter): Name = "Connector Type"; Value = "SMA"; VariantName = "[No Variations]"
Add component (AddParameter): Name = "Impedance"; Value = "50O"; VariantName = "[No Variations]"
Add component (AddParameter): Name = "Insertion Loss (dB)"; Value = "0.14dB"; VariantName = "[No Variations]"
Add component (AddParameter): Name = "Insulation Material"; Value = "PTFE"; VariantName = "[No Variations]"
Add component (AddParameter): Name = "Insulation Resistance"; Value = "5GO"; VariantName = "[No Variations]"
Add component (AddParameter): Name = "Max Operating Temperature"; Value = "165°C"; VariantName = "[No Variations]"
Add component (AddParameter): Name = "Min Operating Temperature"; Value = "-65°C"; VariantName = "[No Variations]"
Add component (AddParameter): Name = "NexarPartId"; Value = "134708250"; VariantName = "[No Variations]"
Add component (AddParameter): Name = "RoHS"; Value = "Compliant"; VariantName = "[No Variations]"
Added Component: Designator=R1(RESC0402N)
Add component (AddParameter): Name = "COMPATIBLES"; Value = "F1"; VariantName = "[No Variations]"
Add component (AddParameter): Name = "Manufacturer"; Value = "VISHAY"; VariantName = "[No Variations]"
Add component (AddParameter): Name = "Manufacturer P/N"; Value = "CRCW040216R5FKED"; VariantName = "[No Variations]"
Add component (AddParameter): Name = "NoPins"; Value = "2"; VariantName = "[No Variations]"
Add component (AddParameter): Name = "SCH"; Value = "16.5R 0402"; VariantName = "[No Variations]"
Add component (AddParameter): Name = "SMD"; Value = "True"; VariantName = "[No Variations]"
Add component (AddParameter): Name = "Supplier 1"; Value = "Digi-Key"; VariantName = "[No Variations]"
Add component (AddParameter): Name = "Supplier Part Number 1"; Value = "541-16.5LCT-ND"; VariantName = "[No Variations]"
Add component (AddParameter): Name = "VALUE"; Value = "16.5R"; VariantName = "[No Variations]"
Added Component: Designator=R2(RESC0402N)
Add component (AddParameter): Name = "COMPATIBLES"; Value = "F1"; VariantName = "[No Variations]"
Add component (AddParameter): Name = "Manufacturer"; Value = "VISHAY"; VariantName = "[No Variations]"
Add component (AddParameter): Name = "Manufacturer P/N"; Value = "CRCW040216R5FKED"; VariantName = "[No Variations]"
Add component (AddParameter): Name = "NoPins"; Value = "2"; VariantName = "[No Variations]"
Add component (AddParameter): Name = "SCH"; Value = "16.5R 0402"; VariantName = "[No Variations]"
Add component (AddParameter): Name = "SMD"; Value = "True"; VariantName = "[No Variations]"
Add component (AddParameter): Name = "Supplier 1"; Value = "Digi-Key"; VariantName = "[No Variations]"
Add component (AddParameter): Name = "Supplier Part Number 1"; Value = "541-16.5LCT-ND"; VariantName = "[No Variations]"
Add component (AddParameter): Name = "VALUE"; Value = "16.5R"; VariantName = "[No Variations]"
Added Component: Designator=R3(RESC0402N)
Add component (AddParameter): Name = "COMPATIBLES"; Value = "F1"; VariantName = "[No Variations]"
Add component (AddParameter): Name = "Manufacturer"; Value = "VISHAY"; VariantName = "[No Variations]"
Add component (AddParameter): Name = "Manufacturer P/N"; Value = "CRCW040216R5FKED"; VariantName = "[No Variations]"
Add component (AddParameter): Name = "NoPins"; Value = "2"; VariantName = "[No Variations]"
Add component (AddParameter): Name = "SCH"; Value = "16.5R 0402"; VariantName = "[No Variations]"
Add component (AddParameter): Name = "SMD"; Value = "True"; VariantName = "[No Variations]"
Add component (AddParameter): Name = "Supplier 1"; Value = "Digi-Key"; VariantName = "[No Variations]"
Add component (AddParameter): Name = "Supplier Part Number 1"; Value = "541-16.5LCT-ND"; VariantName = "[No Variations]"
Add component (AddParameter): Name = "VALUE"; Value = "16.5R"; VariantName = "[No Variations]"
Added Component: Designator=R4(RESC0402N)
Add component (AddParameter): Name = "#JLCPCB"; Value = "C25120"; VariantName = "[No Variations]"
Add component (AddParameter): Name = "B/E"; Value = "B"; VariantName = "[No Variations]"
Add component (AddParameter): Name = "MANUF"; Value = "Uniroyal Elec"; VariantName = "[No Variations]"
Add component (AddParameter): Name = "MANUFCODE"; Value = "0402WGF499JTCE"; VariantName = "[No Variations]"
Add component (AddParameter): Name = "Package"; Value = "'0402"; VariantName = "[No Variations]"
Add component (AddParameter): Name = "Value"; Value = "49R9"; VariantName = "[No Variations]"
Added Component: Designator=R5(RESC0402N)
Add component (AddParameter): Name = "#JLCPCB"; Value = "C25120"; VariantName = "[No Variations]"
Add component (AddParameter): Name = "B/E"; Value = "B"; VariantName = "[No Variations]"
Add component (AddParameter): Name = "MANUF"; Value = "Uniroyal Elec"; VariantName = "[No Variations]"
Add component (AddParameter): Name = "MANUFCODE"; Value = "0402WGF499JTCE"; VariantName = "[No Variations]"
Add component (AddParameter): Name = "Package"; Value = "'0402"; VariantName = "[No Variations]"
Add component (AddParameter): Name = "Value"; Value = "49R9"; VariantName = "[No Variations]"
Added Component: Designator=R6(RESC0402N)
Add component (AddParameter): Name = "#JLCPCB"; Value = "C25120"; VariantName = "[No Variations]"
Add component (AddParameter): Name = "B/E"; Value = "B"; VariantName = "[No Variations]"
Add component (AddParameter): Name = "MANUF"; Value = "Uniroyal Elec"; VariantName = "[No Variations]"
Add component (AddParameter): Name = "MANUFCODE"; Value = "0402WGF499JTCE"; VariantName = "[No Variations]"
Add component (AddParameter): Name = "Package"; Value = "'0402"; VariantName = "[No Variations]"
Add component (AddParameter): Name = "Value"; Value = "49R9"; VariantName = "[No Variations]"
Added Pin To Net: NetName=RF1 Pin=J1-1
Added Pin To Net: NetName=GND Pin=J1-2
Added Pin To Net: NetName=GND Pin=J1-3
Added Pin To Net: NetName=GND Pin=J1-4
Added Pin To Net: NetName=GND Pin=J1-5
Added Pin To Net: NetName=RF4 Pin=J2-1
Added Pin To Net: NetName=GND Pin=J2-2
Added Pin To Net: NetName=GND Pin=J2-3
Added Pin To Net: NetName=GND Pin=J2-4
Added Pin To Net: NetName=GND Pin=J2-5
Added Pin To Net: NetName=RF3 Pin=J3-1
Added Pin To Net: NetName=GND Pin=J3-2
Added Pin To Net: NetName=GND Pin=J3-3
Added Pin To Net: NetName=GND Pin=J3-4
Added Pin To Net: NetName=GND Pin=J3-5
Added Pin To Net: NetName=NetJ4_1 Pin=J4-1
Added Pin To Net: NetName=GND Pin=J4-2
Added Pin To Net: NetName=GND Pin=J4-3
Added Pin To Net: NetName=GND Pin=J4-4
Added Pin To Net: NetName=GND Pin=J4-5
Added Pin To Net: NetName=NetJ5_1 Pin=J5-1
Added Pin To Net: NetName=GND Pin=J5-2
Added Pin To Net: NetName=GND Pin=J5-3
Added Pin To Net: NetName=GND Pin=J5-4
Added Pin To Net: NetName=GND Pin=J5-5
Added Pin To Net: NetName=NetJ6_1 Pin=J6-1
Added Pin To Net: NetName=GND Pin=J6-2
Added Pin To Net: NetName=GND Pin=J6-3
Added Pin To Net: NetName=GND Pin=J6-4
Added Pin To Net: NetName=GND Pin=J6-5
Added Pin To Net: NetName=RF1 Pin=R1-1
Added Pin To Net: NetName=RF2 Pin=R1-2
Added Pin To Net: NetName=RF2 Pin=R2-1
Added Pin To Net: NetName=RF4 Pin=R2-2
Added Pin To Net: NetName=RF2 Pin=R3-1
Added Pin To Net: NetName=RF3 Pin=R3-2
Added Pin To Net: NetName=NetJ6_1 Pin=R4-1
Added Pin To Net: NetName=NetJ5_1 Pin=R4-2
Added Pin To Net: NetName=NetJ4_1 Pin=R5-1
Added Pin To Net: NetName=NetJ5_1 Pin=R5-2
Added Pin To Net: NetName=NetJ6_1 Pin=R6-1
Added Pin To Net: NetName=NetJ4_1 Pin=R6-2
Added Member To Class: ClassName=SCH Member=Component J1 60312202111527
Added Member To Class: ClassName=SCH Member=Component J2 60312202111527
Added Member To Class: ClassName=SCH Member=Component J3 60312202111527
Added Member To Class: ClassName=SCH Member=Component J4 60312202111527
Added Member To Class: ClassName=SCH Member=Component J5 60312202111527
Added Member To Class: ClassName=SCH Member=Component J6 60312202111527
Added Member To Class: ClassName=SCH Member=Component R1 Res
Added Member To Class: ClassName=SCH Member=Component R2 Res
Added Member To Class: ClassName=SCH Member=Component R3 Res
Added Member To Class: ClassName=SCH Member=Component R4 Res
Added Member To Class: ClassName=SCH Member=Component R5 Res
Added Member To Class: ClassName=SCH Member=Component R6 Res
